<?xml version="1.0" encoding="UTF-8"?>
<!-- Generated by org.testng.reporters.JUnitXMLReporter -->
<testsuite ignored="2" hostname="DESKTOP-TDDQJB9" failures="0" tests="2" name="Test" time="24.776" errors="0" timestamp="2023-04-18T17:22:58 IST">
  <testcase classname="GenericUtility.ClickOnFriendsTest" name="Friends" time="5.87"/>
  <testcase classname="GenericUtility.ClickOnReelsTest" name="Reels" time="7.843"/>
  <testcase classname="UtilityPackage.BaseClass" name="@BeforeSuite Launch_database" time="0.0">
    <ignored/>
  </testcase> <!-- @BeforeSuite Launch_database -->
  <testcase classname="UtilityPackage.BaseClass" name="@AfterSuite close_database" time="0.0">
    <ignored/>
  </testcase> <!-- @AfterSuite close_database -->
</testsuite> <!-- Test -->
