<?xml version="1.0" encoding="UTF-8"?>
<testng-results ignored="0" total="1" passed="1" failed="0" skipped="0">
  <reporter-output>
    <line>
      <![CDATA[Click on Friends Successfully..!!!]]>
    </line>
  </reporter-output>
  <suite started-at="2023-04-26T11:52:22 IST" name="Default suite" finished-at="2023-04-26T11:52:33 IST" duration-ms="11093">
    <groups>
      <group name="Smoke">
        <method signature="ClickOnFriendsTest.Friends()[pri:0, instance:GenericUtility.ClickOnFriendsTest@783a467b]" name="Friends" class="GenericUtility.ClickOnFriendsTest"/>
      </group> <!-- Smoke -->
    </groups>
    <test started-at="2023-04-26T11:52:22 IST" name="Default test" finished-at="2023-04-26T11:52:33 IST" duration-ms="11093">
      <class name="GenericUtility.ClickOnFriendsTest">
        <test-method is-config="true" signature="Launch_database()[pri:0, instance:GenericUtility.ClickOnFriendsTest@783a467b]" started-at="2023-04-26T11:52:22 IST" name="Launch_database" finished-at="2023-04-26T11:52:22 IST" duration-ms="9" status="PASS">
          <reporter-output>
          </reporter-output>
        </test-method> <!-- Launch_database -->
        <test-method is-config="true" signature="Launch_Browser()[pri:0, instance:GenericUtility.ClickOnFriendsTest@783a467b]" started-at="2023-04-26T11:52:22 IST" name="Launch_Browser" finished-at="2023-04-26T11:52:25 IST" duration-ms="2395" status="PASS">
          <reporter-output>
          </reporter-output>
        </test-method> <!-- Launch_Browser -->
        <test-method is-config="true" signature="login()[pri:0, instance:GenericUtility.ClickOnFriendsTest@783a467b]" started-at="2023-04-26T11:52:25 IST" name="login" finished-at="2023-04-26T11:52:25 IST" duration-ms="242" status="PASS">
          <reporter-output>
          </reporter-output>
        </test-method> <!-- login -->
        <test-method signature="Friends()[pri:0, instance:GenericUtility.ClickOnFriendsTest@783a467b]" started-at="2023-04-26T11:52:25 IST" name="Friends" finished-at="2023-04-26T11:52:31 IST" duration-ms="5944" status="PASS">
          <reporter-output>
            <line>
              <![CDATA[Click on Friends Successfully..!!!]]>
            </line>
          </reporter-output>
        </test-method> <!-- Friends -->
        <test-method is-config="true" signature="logout()[pri:0, instance:GenericUtility.ClickOnFriendsTest@783a467b]" started-at="2023-04-26T11:52:31 IST" name="logout" finished-at="2023-04-26T11:52:33 IST" duration-ms="1979" status="PASS">
          <reporter-output>
          </reporter-output>
        </test-method> <!-- logout -->
        <test-method is-config="true" signature="Close_Browser()[pri:0, instance:GenericUtility.ClickOnFriendsTest@783a467b]" started-at="2023-04-26T11:52:33 IST" name="Close_Browser" finished-at="2023-04-26T11:52:33 IST" duration-ms="255" status="PASS">
          <reporter-output>
          </reporter-output>
        </test-method> <!-- Close_Browser -->
        <test-method is-config="true" signature="close_database()[pri:0, instance:GenericUtility.ClickOnFriendsTest@783a467b]" started-at="2023-04-26T11:52:33 IST" name="close_database" finished-at="2023-04-26T11:52:33 IST" duration-ms="0" status="PASS">
          <reporter-output>
          </reporter-output>
        </test-method> <!-- close_database -->
      </class> <!-- GenericUtility.ClickOnFriendsTest -->
    </test> <!-- Default test -->
  </suite> <!-- Default suite -->
</testng-results>
